Arguments: 
  /Users/cuibin/.nvm/versions/node/v10.13.0/bin/node /Users/cuibin/.nvm/versions/node/v10.13.0/bin/yarn init

PATH: 
  /Users/cuibin/.nvm/versions/node/v10.13.0/bin:/usr/local/bin:/usr/bin:/bin:/usr/sbin:/sbin/:/Users/cuibin/Downloads/mongodb-osx-x86_64-3.2.9/bin/:/usr/local/opt/gettext/bin:/Users/cuibin/.rvm/bin

Yarn version: 
  1.12.1

Node version: 
  10.13.0

Platform: 
  darwin x64

Trace: 
  Error: canceled
      at Interface.<anonymous> (/Users/cuibin/.nvm/versions/node/v10.13.0/lib/node_modules/yarn/lib/cli.js:120742:13)
      at Interface.emit (events.js:182:13)
      at Interface._ttyWrite (readline.js:783:16)
      at ReadStream.onkeypress (readline.js:168:10)
      at ReadStream.emit (events.js:182:13)
      at emitKeys (internal/readline.js:424:14)
      at emitKeys.next (<anonymous>)
      at ReadStream.onData (readline.js:1022:36)
      at ReadStream.emit (events.js:182:13)
      at addChunk (_stream_readable.js:283:12)

npm manifest: 
  {
    "name": "track-api-v2-docs-server",
    "version": "1.0.0",
    "description": "track api v2 docks server side",
    "main": "index.js",
    "license": "MIT",
    "engines": {
      "node": ">=8"
    },
    "scripts": {
      "start": "node index.js"
    },
    "dependencies": {
      "blipp": "^3.1.1",
      "hapi": "^17.7.0",
      "hapi-pino": "^5.1.0",
      "hapi-sequelize-crud": "^2.9.3"
    }
  }

yarn manifest: 
  No manifest

Lockfile: 
  No lockfile
